<?xml version="1.0" encoding="UTF-8"?>
<testsuite xmlns:xsi="http://www.w3.org/2001/XMLSchema-instance" xsi:noNamespaceSchemaLocation="https://maven.apache.org/surefire/maven-failsafe-plugin/xsd/failsafe-test-report.xsd" name="Validation of Products Page" time="15.622" tests="5" errors="0" skipped="0" failures="0">
  <properties>
[...]
</properties>
  <testcase name="Validation of New Product Creation #1" classname="Validation of Products Page" time="6.808"/>
  <testcase name="Validation of New Product Creation #2" classname="Validation of Products Page" time="2.317"/>
  <testcase name="Validation of New Product Creation #3" classname="Validation of Products Page" time="2.603"/>
  <testcase name="Validation of New Product Creation #4" classname="Validation of Products Page" time="2.037"/>
  <testcase name="Validation of New Product Creation #5" classname="Validation of Products Page" time="1.855"/>
</testsuite>